<?xml version="1.0" encoding="UTF-8"?>
<!-- Generated by org.testng.reporters.JUnitXMLReporter -->
<testsuite hostname="bhawna-atl" name="ParallelTest2 Browser Firefox" tests="2" failures="0" timestamp="2 Mar 2020 06:31:00 GMT" time="0.097" errors="0">
  <testcase name="@BeforeTest setUp" time="0.0" classname="Testcases.logincases">
    <failure type="org.testng.TestNGException" message="
Method setUp requires 1 parameters but 0 were supplied in the @Configuration annotation.">
      <![CDATA[org.testng.TestNGException: 
Method setUp requires 1 parameters but 0 were supplied in the @Configuration annotation.
	at java.util.concurrent.FutureTask.run(FutureTask.java:266)
	at java.util.concurrent.ThreadPoolExecutor.runWorker(ThreadPoolExecutor.java:1142)
	at java.util.concurrent.ThreadPoolExecutor$Worker.run(ThreadPoolExecutor.java:617)
	at java.lang.Thread.run(Thread.java:745)
... Removed 12 stack frames]]>
    </failure>
  </testcase> <!-- @BeforeTest setUp -->
  <testcase name="When_ValidUserNameAndPassword_Expect_LoginPass" time="0.012" classname="Testcases.logincases">
    <skipped/>
  </testcase> <!-- When_ValidUserNameAndPassword_Expect_LoginPass -->
  <testcase name="graphicimage_onLoginPage" time="0.004" classname="Testcases.logincases">
    <skipped/>
  </testcase> <!-- graphicimage_onLoginPage -->
</testsuite> <!-- ParallelTest2 Browser Firefox -->
