<?xml version="1.0" encoding="UTF-8"?>
<!-- Generated by org.testng.reporters.JUnitXMLReporter -->
<testsuite hostname="bhawna-atl" name="Test" tests="17" failures="1" timestamp="12 Feb 2020 06:27:35 GMT" time="54.833" errors="0">
  <testcase name="MadatoryfieldValidation" time="11.343" classname="Testcases.Createmeetingcases"/>
  <testcase name="Verify_meetingtile_on_central_panel" time="0.032" classname="Testcases.Createmeetingcases"/>
  <testcase name="Verify_agenda__no_aftermeetingcreation_in_current_meeting_detail" time="0.034" classname="Testcases.Createmeetingcases"/>
  <testcase name="Verify_task_no_aftermeetingcreation_in_current_meeting_detail" time="5.061" classname="Testcases.Createmeetingcases"/>
  <testcase name="Verify_decision_no_aftermeetingcreation_in_current_meeting_detail" time="5.039" classname="Testcases.Createmeetingcases"/>
  <testcase name="ClickonAddAgendabutton" time="5.177" classname="Testcases.Createmeetingcases"/>
  <testcase name="Verify_agenda__no_after_Agenda_creation_in_current_meeting_detail" time="5.078" classname="Testcases.Createmeetingcases"/>
  <testcase name="CreateAgenda" time="5.6" classname="Testcases.Createmeetingcases"/>
  <testcase name="CreateNotes" time="5.436" classname="Testcases.Createmeetingcases"/>
  <testcase name="CreateTasks" time="5.48" classname="Testcases.Createmeetingcases"/>
  <testcase name="Verify_task_no_aftertaskcreation_in_current_meeting_detail" time="0.05" classname="Testcases.Createmeetingcases"/>
  <testcase name="Decision" time="5.528" classname="Testcases.Createmeetingcases"/>
  <testcase name="Verify_decision_no_afterdecisioncreation_in_current_meeting_detail" time="0.065" classname="Testcases.Createmeetingcases"/>
  <testcase name="when_verifying_AgendaTitle" time="0.037" classname="Testcases.Createmeetingcases"/>
  <testcase name="Verify_loginAc_is_organiser" time="0.029" classname="Testcases.Createmeetingcases">
    <failure type="java.lang.AssertionError" message="expected [test01@yopmail.com] but found [T test01@yopmail.com]">
      <![CDATA[java.lang.AssertionError: expected [test01@yopmail.com] but found [T test01@yopmail.com]
	at Testcases.Createmeetingcases.Verify_loginAc_is_organiser(Createmeetingcases.java:166)
... Removed 30 stack frames]]>
    </failure>
  </testcase> <!-- Verify_loginAc_is_organiser -->
  <testcase name="When_SearchMeeting" time="0.216" classname="Testcases.Createmeetingcases"/>
  <testcase name="Logout" time="0.606" classname="Testcases.Createmeetingcases"/>
</testsuite> <!-- Test -->
