<?xml version="1.0" encoding="UTF-8"?>
<!-- Generated by org.testng.reporters.JUnitXMLReporter -->
<testsuite hostname="DESKTOP-LFIFIDN" failures="1" tests="16" name="Test2" time="81.123" errors="0" timestamp="17 Aug 2020 07:31:33 GMT">
  <testcase classname="Testcases.Createmeetingcases" name="MadatoryfieldValidation" time="11.951"/>
  <testcase classname="Testcases.Createmeetingcases" name="Verify_meetingtile_on_central_panel" time="0.076"/>
  <testcase classname="Testcases.Createmeetingcases" name="Verify_agenda__no_aftermeetingcreation_in_current_meeting_detail" time="0.113"/>
  <testcase classname="Testcases.Createmeetingcases" name="Verify_task_no_aftermeetingcreation_in_current_meeting_detail" time="5.092"/>
  <testcase classname="Testcases.Createmeetingcases" name="Verify_decision_no_aftermeetingcreation_in_current_meeting_detail" time="5.1"/>
  <testcase classname="Testcases.Createmeetingcases" name="CreateAgenda" time="5.478"/>
  <testcase classname="Testcases.Createmeetingcases" name="Verify_agenda__no_after_Agenda_creation_in_current_meeting_detail" time="35.083">
    <failure type="org.openqa.selenium.NoSuchElementException" message="no such element: Unable to locate element: {&amp;quot;method&amp;quot;:&amp;quot;xpath&amp;quot;,&amp;quot;selector&amp;quot;:&amp;quot;//div[contains(text(),&amp;apos;Agenda items&amp;apos;)]//following-sibling::strong[contains(text(),&amp;apos;1&amp;apos;)]&amp;quot;}
  (Session info: chrome=84.0.4147.125)
For documentation on this error, please visit: http://seleniumhq.org/exceptions/no_such_element.html
Build info: version: &amp;apos;3.14.0&amp;apos;, revision: &amp;apos;aacccce0&amp;apos;, time: &amp;apos;2018-08-02T20:19:58.91Z&amp;apos;
System info: host: &amp;apos;DESKTOP-LFIFIDN&amp;apos;, ip: &amp;apos;192.168.56.1&amp;apos;, os.name: &amp;apos;Windows 10&amp;apos;, os.arch: &amp;apos;amd64&amp;apos;, os.version: &amp;apos;10.0&amp;apos;, java.version: &amp;apos;14&amp;apos;
Driver info: org.openqa.selenium.chrome.ChromeDriver
Capabilities {acceptInsecureCerts: false, browserName: chrome, browserVersion: 84.0.4147.125, chrome: {chromedriverVersion: 84.0.4147.30 (48b3e868b4cc0..., userDataDir: C:\Users\BHAWNA~1.GUP\AppDa...}, goog:chromeOptions: {debuggerAddress: localhost:59581}, javascriptEnabled: true, networkConnectionEnabled: false, pageLoadStrategy: normal, platform: WINDOWS, platformName: WINDOWS, proxy: Proxy(), setWindowRect: true, strictFileInteractability: false, timeouts: {implicit: 0, pageLoad: 300000, script: 30000}, unhandledPromptBehavior: dismiss and notify, webauthn:virtualAuthenticators: true}
Session ID: 0a7bf522dab1b43aaea4c581128dc6d7
*** Element info: {Using=xpath, value=//div[contains(text(),&amp;apos;Agenda items&amp;apos;)]//following-sibling::strong[contains(text(),&amp;apos;1&amp;apos;)]}">
      <![CDATA[org.openqa.selenium.NoSuchElementException: no such element: Unable to locate element: {"method":"xpath","selector":"//div[contains(text(),'Agenda items')]//following-sibling::strong[contains(text(),'1')]"}
  (Session info: chrome=84.0.4147.125)
For documentation on this error, please visit: http://seleniumhq.org/exceptions/no_such_element.html
Build info: version: '3.14.0', revision: 'aacccce0', time: '2018-08-02T20:19:58.91Z'
System info: host: 'DESKTOP-LFIFIDN', ip: '192.168.56.1', os.name: 'Windows 10', os.arch: 'amd64', os.version: '10.0', java.version: '14'
Driver info: org.openqa.selenium.chrome.ChromeDriver
Capabilities {acceptInsecureCerts: false, browserName: chrome, browserVersion: 84.0.4147.125, chrome: {chromedriverVersion: 84.0.4147.30 (48b3e868b4cc0..., userDataDir: C:\Users\BHAWNA~1.GUP\AppDa...}, goog:chromeOptions: {debuggerAddress: localhost:59581}, javascriptEnabled: true, networkConnectionEnabled: false, pageLoadStrategy: normal, platform: WINDOWS, platformName: WINDOWS, proxy: Proxy(), setWindowRect: true, strictFileInteractability: false, timeouts: {implicit: 0, pageLoad: 300000, script: 30000}, unhandledPromptBehavior: dismiss and notify, webauthn:virtualAuthenticators: true}
Session ID: 0a7bf522dab1b43aaea4c581128dc6d7
*** Element info: {Using=xpath, value=//div[contains(text(),'Agenda items')]//following-sibling::strong[contains(text(),'1')]}
	at org.openqa.selenium.remote.http.W3CHttpResponseCodec.createException(W3CHttpResponseCodec.java:187)
	at org.openqa.selenium.remote.http.W3CHttpResponseCodec.decode(W3CHttpResponseCodec.java:122)
	at org.openqa.selenium.remote.http.W3CHttpResponseCodec.decode(W3CHttpResponseCodec.java:49)
	at org.openqa.selenium.remote.HttpCommandExecutor.execute(HttpCommandExecutor.java:158)
	at org.openqa.selenium.remote.service.DriverCommandExecutor.execute(DriverCommandExecutor.java:83)
	at org.openqa.selenium.remote.RemoteWebDriver.execute(RemoteWebDriver.java:548)
	at org.openqa.selenium.remote.RemoteWebDriver.findElement(RemoteWebDriver.java:322)
	at org.openqa.selenium.remote.RemoteWebDriver.findElementByXPath(RemoteWebDriver.java:424)
	at org.openqa.selenium.By$ByXPath.findElement(By.java:353)
	at org.openqa.selenium.remote.RemoteWebDriver.findElement(RemoteWebDriver.java:314)
	at org.openqa.selenium.support.pagefactory.DefaultElementLocator.findElement(DefaultElementLocator.java:69)
	at org.openqa.selenium.support.pagefactory.internal.LocatingElementHandler.invoke(LocatingElementHandler.java:38)
	at com.sun.proxy.$Proxy10.getText(Unknown Source)
	at Pages.createmeeting.agendadded(createmeeting.java:236)
	at Testcases.Createmeetingcases.Verify_agenda__no_after_Agenda_creation_in_current_meeting_detail(Createmeetingcases.java:109)
... Removed 30 stack frames]]>
    </failure>
  </testcase> <!-- Verify_agenda__no_after_Agenda_creation_in_current_meeting_detail -->
  <testcase classname="Testcases.Createmeetingcases" name="CreateNotes" time="5.446"/>
  <testcase classname="Testcases.Createmeetingcases" name="CreateTasks" time="5.55"/>
  <testcase classname="Testcases.Createmeetingcases" name="Verify_task_no_aftertaskcreation_in_current_meeting_detail" time="0.09"/>
  <testcase classname="Testcases.Createmeetingcases" name="Decision" time="5.371"/>
  <testcase classname="Testcases.Createmeetingcases" name="Verify_decision_no_afterdecisioncreation_in_current_meeting_detail" time="0.086"/>
  <testcase classname="Testcases.Createmeetingcases" name="when_verifying_AgendaTitle" time="0.094"/>
  <testcase classname="Testcases.Createmeetingcases" name="Verify_loginAc_is_organiser" time="0.087"/>
  <testcase classname="Testcases.Createmeetingcases" name="When_SearchMeeting" time="0.257"/>
  <testcase classname="Testcases.Createmeetingcases" name="Logout" time="1.192"/>
</testsuite> <!-- Test2 -->
